<?xml version="1.0" encoding="UTF-8"?>
<!-- Generated by org.testng.reporters.JUnitReportReporter -->
<testsuite hostname="LIN-64LYHP3" failures="0" tests="5" name="Excel.ExcelDataExceuter" time="69.756" errors="0" timestamp="2024-04-04T09:31:22 IST" skipped="0">
  <testcase classname="Excel.ExcelDataExceuter" name="TestExcel" time="13.844"/>
  <testcase classname="Excel.ExcelDataExceuter" name="TestExcel" time="13.597"/>
  <testcase classname="Excel.ExcelDataExceuter" name="TestExcel" time="12.951"/>
  <testcase classname="Excel.ExcelDataExceuter" name="TestExcel" time="15.724"/>
  <testcase classname="Excel.ExcelDataExceuter" name="TestExcel" time="13.640"/>
</testsuite> <!-- Excel.ExcelDataExceuter -->
