<?xml version="1.0" encoding="UTF-8"?>
<!-- Generated by org.testng.reporters.JUnitReportReporter -->
<testsuite hostname="LIN-64LYHP3" failures="0" tests="7" name="runnersprintmodule.modulerunner" time="0.351" errors="0" timestamp="2024-04-04T09:36:26 IST" skipped="0">
  <testcase classname="runnersprintmodule.modulerunner" name="runScenario" time="0.247"/>
  <testcase classname="runnersprintmodule.modulerunner" name="runScenario" time="0.017"/>
  <testcase classname="runnersprintmodule.modulerunner" name="runScenario" time="0.013"/>
  <testcase classname="runnersprintmodule.modulerunner" name="runScenario" time="0.026"/>
  <testcase classname="runnersprintmodule.modulerunner" name="runScenario" time="0.017"/>
  <testcase classname="runnersprintmodule.modulerunner" name="runScenario" time="0.015"/>
  <testcase classname="runnersprintmodule.modulerunner" name="runScenario" time="0.016"/>
</testsuite> <!-- runnersprintmodule.modulerunner -->
