<?xml version="1.0" encoding="UTF-8"?>
<!-- Generated by org.testng.reporters.JUnitReportReporter -->
<testsuite hostname="LIN-64LYHP3" failures="0" tests="3" name="excelsheets.scenario" time="46.967" errors="0" timestamp="2024-04-02T18:04:24 IST" skipped="0">
  <testcase classname="excelsheets.scenario" name="scenario" time="15.203"/>
  <testcase classname="excelsheets.scenario" name="scenario" time="15.576"/>
  <testcase classname="excelsheets.scenario" name="scenario" time="16.188"/>
</testsuite> <!-- excelsheets.scenario -->
